<?xml version="1.0" encoding="UTF-8" ?>
<testsuite errors="0" failures="0" hostname="acer" name="sesamestreet.MuppetIntegrationSpec" tests="1" time="0.312" timestamp="2014-03-29T06:10:47">
  <properties />
  <testcase classname="sesamestreet.MuppetIntegrationSpec" name="test save several muppets" time="0.311" />
  <system-out><![CDATA[--Output from test save several muppets--
Hibernate: insert into muppet (id, version, about, color, gender, has_fur, name, picture) values (null, ?, ?, ?, ?, ?, ?, ?)
Hibernate: insert into muppet (id, version, about, color, gender, has_fur, name, picture) values (null, ?, ?, ?, ?, ?, ?, ?)
Hibernate: insert into muppet (id, version, about, color, gender, has_fur, name, picture) values (null, ?, ?, ?, ?, ?, ?, ?)
]]></system-out>
  <system-err><![CDATA[--Output from test save several muppets--
]]></system-err>
</testsuite>
