<?xml version="1.0" encoding="UTF-8" ?>
<testsuite errors="0" failures="0" hostname="acer" name="sesamestreet.MuppetDiscoveryServiceUnitTests" tests="1" time="1.31" timestamp="2014-03-27T13:35:57">
  <properties />
  <testcase classname="sesamestreet.MuppetDiscoveryServiceUnitTests" name="testLookForPerfectAndRelatedMuppets" time="1.233" />
  <system-out><![CDATA[--Output from testLookForPerfectAndRelatedMuppets--
]]></system-out>
  <system-err><![CDATA[--Output from testLookForPerfectAndRelatedMuppets--
]]></system-err>
</testsuite>
